<?xml version="1.0" encoding="UTF-8"?>
<testng-results ignored="0" total="1" passed="1" failed="0" skipped="0">
  <reporter-output>
    <line>
      <![CDATA[No of rows are::7]]>
    </line>
    <line>
      <![CDATA[Login Success]]>
    </line>
    <line>
      <![CDATA[Incorrect user ID or password]]>
    </line>
    <line>
      <![CDATA[Incorrect user ID or password]]>
    </line>
    <line>
      <![CDATA[Login Success]]>
    </line>
    <line>
      <![CDATA[Login Success]]>
    </line>
    <line>
      <![CDATA[Incorrect user ID or password]]>
    </line>
    <line>
      <![CDATA[Incorrect user ID or password]]>
    </line>
  </reporter-output>
  <suite started-at="2025-09-24T11:08:06 IST" name="Surefire suite" finished-at="2025-09-24T11:08:46 IST" duration-ms="39997">
    <groups>
    </groups>
    <test started-at="2025-09-24T11:08:06 IST" name="Surefire test" finished-at="2025-09-24T11:08:46 IST" duration-ms="39997">
      <class name="driverFactory.AppTest">
        <test-method is-config="true" signature="setUp()[pri:0, instance:driverFactory.AppTest@3e2e18f2]" started-at="2025-09-24T11:08:06 IST" name="setUp" finished-at="2025-09-24T11:08:07 IST" duration-ms="1322" status="PASS">
          <reporter-output>
          </reporter-output>
        </test-method> <!-- setUp -->
        <test-method signature="startTest()[pri:0, instance:driverFactory.AppTest@3e2e18f2]" started-at="2025-09-24T11:08:07 IST" name="startTest" finished-at="2025-09-24T11:08:46 IST" duration-ms="38472" status="PASS">
          <reporter-output>
            <line>
              <![CDATA[No of rows are::7]]>
            </line>
            <line>
              <![CDATA[Login Success]]>
            </line>
            <line>
              <![CDATA[Incorrect user ID or password]]>
            </line>
            <line>
              <![CDATA[Incorrect user ID or password]]>
            </line>
            <line>
              <![CDATA[Login Success]]>
            </line>
            <line>
              <![CDATA[Login Success]]>
            </line>
            <line>
              <![CDATA[Incorrect user ID or password]]>
            </line>
            <line>
              <![CDATA[Incorrect user ID or password]]>
            </line>
          </reporter-output>
        </test-method> <!-- startTest -->
        <test-method is-config="true" signature="tearDown()[pri:0, instance:driverFactory.AppTest@3e2e18f2]" started-at="2025-09-24T11:08:46 IST" name="tearDown" finished-at="2025-09-24T11:08:46 IST" duration-ms="175" status="PASS">
          <reporter-output>
          </reporter-output>
        </test-method> <!-- tearDown -->
      </class> <!-- driverFactory.AppTest -->
    </test> <!-- Surefire test -->
  </suite> <!-- Surefire suite -->
</testng-results>
